<?xml version="1.0" encoding="UTF-8"?>
<!-- Generated by org.testng.reporters.JUnitReportReporter -->
<testsuite hostname="shristi" failures="0" tests="1" name="TestUsingTestNG.UsedCarsTest" time="18.922" errors="0" timestamp="2021-02-24T23:15:14 IST" skipped="0">
  <testcase classname="TestUsingTestNG.UsedCarsTest" name="testUsedCars" time="18.922"/>
  <system-out/>
</testsuite> <!-- TestUsingTestNG.UsedCarsTest -->
