<?xml version="1.0" encoding="UTF-8"?>
<!-- Generated by org.testng.reporters.JUnitReportReporter -->
<testsuite hostname="shristi" failures="0" tests="1" name="TestUsingTestNG.GoogleSignInTest" time="8.605" errors="0" timestamp="2021-02-24T23:15:14 IST" skipped="0">
  <testcase classname="TestUsingTestNG.GoogleSignInTest" name="testGoogleSignIn" time="8.605"/>
  <system-out/>
</testsuite> <!-- TestUsingTestNG.GoogleSignInTest -->
