<?xml version="1.0" encoding="UTF-8"?>
<!-- Generated by org.testng.reporters.JUnitReportReporter -->
<testsuite hostname="shristi" failures="0" tests="1" name="Hackathon.IdentifyNewBikes.UpcomingBikeTest" time="19.160" errors="0" timestamp="2021-02-24T22:06:59 IST" skipped="0">
  <testcase classname="Hackathon.IdentifyNewBikes.UpcomingBikeTest" name="upcomingBikeTest" time="19.160"/>
  <system-out/>
</testsuite> <!-- Hackathon.IdentifyNewBikes.UpcomingBikeTest -->
